D:\COURSE\CV\HW\HW1\CV_HW1\CV_HW1\X64\DEBUG\HW1.OBJ
D:\COURSE\CV\HW\HW1\CV_HW1\CV_HW1\X64\DEBUG\VC110.PDB
D:\COURSE\CV\HW\HW1\CV_HW1\X64\DEBUG\CV_HW1.ILK
D:\COURSE\CV\HW\HW1\CV_HW1\X64\DEBUG\CV_HW1.EXE
D:\COURSE\CV\HW\HW1\CV_HW1\X64\DEBUG\CV_HW1.PDB
D:\course\CV\HW\hw1\CV_HW1\CV_HW1\x64\Debug\hw1.obj
D:\course\CV\HW\hw1\CV_HW1\CV_HW1\x64\Debug\cl.command.1.tlog
D:\course\CV\HW\hw1\CV_HW1\CV_HW1\x64\Debug\CL.read.1.tlog
D:\course\CV\HW\hw1\CV_HW1\CV_HW1\x64\Debug\CL.write.1.tlog
D:\course\CV\HW\hw1\CV_HW1\CV_HW1\x64\Debug\link-cvtres.read.1.tlog
D:\course\CV\HW\hw1\CV_HW1\CV_HW1\x64\Debug\link-cvtres.write.1.tlog
D:\course\CV\HW\hw1\CV_HW1\CV_HW1\x64\Debug\link-rc.read.1.tlog
D:\course\CV\HW\hw1\CV_HW1\CV_HW1\x64\Debug\link-rc.write.1.tlog
D:\course\CV\HW\hw1\CV_HW1\CV_HW1\x64\Debug\link.command.1.tlog
D:\course\CV\HW\hw1\CV_HW1\CV_HW1\x64\Debug\link.read.1.tlog
D:\course\CV\HW\hw1\CV_HW1\CV_HW1\x64\Debug\link.write.1.tlog
D:\course\CV\HW\hw1\CV_HW1\CV_HW1\x64\Debug\vc110.idb
D:\course\CV\HW\hw1\CV_HW1\CV_HW1\x64\Debug\vc110.pdb
D:\course\CV\HW\hw1\CV_HW1\x64\Debug\CV_HW1.pdb
D:\course\CV\HW\hw1\CV_HW1\x64\Debug\CV_HW1.exe
D:\course\CV\HW\hw1\CV_HW1\x64\Debug\CV_HW1.ilk
