Build started 2013/12/3 上午 02:22:21.
     1>Project "D:\course\Computer Vision\HW\hw9\CV_HW9\CV_HW9\CV_HW9.vcxproj" on node 2 (Build target(s)).
     1>ClCompile:
         D:\application\VS\VS2012\VC\bin\x86_amd64\CL.exe /c /Zi /nologo /W3 /WX- /sdl /Od /D WIN32 /D _DEBUG /D _CONSOLE /D _UNICODE /D UNICODE /Gm /EHsc /RTC1 /MDd /GS /fp:precise /Zc:wchar_t /Zc:forScope /Fo"x64\Debug\\" /Fd"x64\Debug\vc110.pdb" /Gd /TP /errorReport:prompt hw9.cpp
         hw9.cpp
     1>hw9.cpp(66): warning C4244: '=' : conversion from 'double' to 'float', possible loss of data
     1>hw9.cpp(120): warning C4244: '=' : conversion from 'double' to 'float', possible loss of data
     1>hw9.cpp(174): warning C4244: '=' : conversion from 'double' to 'float', possible loss of data
     1>hw9.cpp(211): warning C4244: 'initializing' : conversion from 'double' to 'float', possible loss of data
     1>hw9.cpp(213): warning C4244: 'initializing' : conversion from 'double' to 'float', possible loss of data
     1>hw9.cpp(218): warning C4244: 'initializing' : conversion from 'double' to 'float', possible loss of data
     1>hw9.cpp(228): warning C4244: '=' : conversion from 'double' to 'float', possible loss of data
     1>hw9.cpp(256): warning C4244: 'initializing' : conversion from 'unsigned __int64' to 'float', possible loss of data
     1>hw9.cpp(278): warning C4267: 'argument' : conversion from 'size_t' to 'int', possible loss of data
     1>hw9.cpp(320): warning C4244: '=' : conversion from 'double' to 'float', possible loss of data
     1>hw9.cpp(333): warning C4244: 'initializing' : conversion from 'unsigned __int64' to 'float', possible loss of data
     1>hw9.cpp(355): warning C4267: 'argument' : conversion from 'size_t' to 'int', possible loss of data
     1>hw9.cpp(397): warning C4244: '=' : conversion from 'double' to 'float', possible loss of data
     1>hw9.cpp(410): warning C4244: 'initializing' : conversion from 'unsigned __int64' to 'float', possible loss of data
     1>hw9.cpp(432): warning C4267: 'argument' : conversion from 'size_t' to 'int', possible loss of data
     1>hw9.cpp(495): warning C4244: '=' : conversion from 'double' to 'float', possible loss of data
       Link:
         D:\application\VS\VS2012\VC\bin\x86_amd64\link.exe /ERRORREPORT:PROMPT /OUT:"D:\course\Computer Vision\HW\hw9\CV_HW9\x64\Debug\CV_HW9.exe" /INCREMENTAL /NOLOGO opencv_calib3d246d.lib opencv_contrib246d.lib opencv_core246d.lib opencv_features2d246d.lib opencv_flann246d.lib opencv_gpu246d.lib opencv_highgui246d.lib opencv_imgproc246d.lib opencv_legacy246d.lib opencv_ml246d.lib opencv_objdetect246d.lib opencv_ts246d.lib opencv_video246d.lib kernel32.lib user32.lib gdi32.lib winspool.lib comdlg32.lib advapi32.lib shell32.lib ole32.lib oleaut32.lib uuid.lib odbc32.lib odbccp32.lib kernel32.lib user32.lib gdi32.lib winspool.lib comdlg32.lib advapi32.lib shell32.lib ole32.lib oleaut32.lib uuid.lib odbc32.lib odbccp32.lib /MANIFEST /MANIFESTUAC:"level='asInvoker' uiAccess='false'" /manifest:embed /DEBUG /PDB:"D:\course\Computer Vision\HW\hw9\CV_HW9\x64\Debug\CV_HW9.pdb" /SUBSYSTEM:CONSOLE /TLBID:1 /DYNAMICBASE /NXCOMPAT /IMPLIB:"D:\course\Computer Vision\HW\hw9\CV_HW9\x64\Debug\CV_HW9.lib" /MACHINE:X64 x64\Debug\hw9.obj
         CV_HW9.vcxproj -> D:\course\Computer Vision\HW\hw9\CV_HW9\x64\Debug\CV_HW9.exe
     1>Done Building Project "D:\course\Computer Vision\HW\hw9\CV_HW9\CV_HW9\CV_HW9.vcxproj" (Build target(s)).

Build succeeded.

Time Elapsed 00:00:02.66
